[TraceId: ] 2024-11-17 16:55:15.946 [main] INFO  com.example.weblog.web.WeblogWebApplication - Starting WeblogWebApplication using Java 1.8.0_202 on CY-20231213BTZT with PID 20036 (C:\Users\MyPC\IdeaProjects\weblog\weblog-springboot\weblog-web\target\classes started by MyPC in C:\Users\MyPC\IdeaProjects\weblog\weblog-springboot)
[TraceId: ] 2024-11-17 16:55:15.949 [main] INFO  com.example.weblog.web.WeblogWebApplication - The following profiles are active: prod
[TraceId: ] 2024-11-17 16:55:16.632 [main] INFO  o.s.boot.web.embedded.tomcat.TomcatWebServer - Tomcat initialized with port(s): 8080 (http)
[TraceId: ] 2024-11-17 16:55:16.637 [main] INFO  org.apache.catalina.core.StandardService - Starting service [Tomcat]
[TraceId: ] 2024-11-17 16:55:16.638 [main] INFO  org.apache.catalina.core.StandardEngine - Starting Servlet engine: [Apache Tomcat/9.0.56]
[TraceId: ] 2024-11-17 16:55:16.687 [main] INFO  o.a.c.core.ContainerBase.[Tomcat].[localhost].[/] - Initializing Spring embedded WebApplicationContext
[TraceId: ] 2024-11-17 16:55:16.687 [main] INFO  o.s.b.w.s.c.ServletWebServerApplicationContext - Root WebApplicationContext: initialization completed in 707 ms
[TraceId: ] 2024-11-17 16:55:16.970 [main] INFO  o.s.boot.web.embedded.tomcat.TomcatWebServer - Tomcat started on port(s): 8080 (http) with context path ''
[TraceId: ] 2024-11-17 16:55:16.977 [main] INFO  com.example.weblog.web.WeblogWebApplication - Started WeblogWebApplication in 1.449 seconds (JVM running for 2.074)
[TraceId: ] 2024-11-17 16:57:44.909 [main] INFO  com.example.weblog.web.WeblogWebApplication - Starting WeblogWebApplication using Java 1.8.0_202 on CY-20231213BTZT with PID 13764 (C:\Users\MyPC\IdeaProjects\weblog\weblog-springboot\weblog-web\target\classes started by MyPC in C:\Users\MyPC\IdeaProjects\weblog\weblog-springboot)
[TraceId: ] 2024-11-17 16:57:44.910 [main] INFO  com.example.weblog.web.WeblogWebApplication - The following profiles are active: prod
[TraceId: ] 2024-11-17 16:57:45.538 [main] INFO  o.s.boot.web.embedded.tomcat.TomcatWebServer - Tomcat initialized with port(s): 8080 (http)
[TraceId: ] 2024-11-17 16:57:45.545 [main] INFO  org.apache.catalina.core.StandardService - Starting service [Tomcat]
[TraceId: ] 2024-11-17 16:57:45.545 [main] INFO  org.apache.catalina.core.StandardEngine - Starting Servlet engine: [Apache Tomcat/9.0.56]
[TraceId: ] 2024-11-17 16:57:45.594 [main] INFO  o.a.c.core.ContainerBase.[Tomcat].[localhost].[/] - Initializing Spring embedded WebApplicationContext
[TraceId: ] 2024-11-17 16:57:45.594 [main] INFO  o.s.b.w.s.c.ServletWebServerApplicationContext - Root WebApplicationContext: initialization completed in 658 ms
[TraceId: ] 2024-11-17 16:57:45.838 [main] INFO  o.s.boot.web.embedded.tomcat.TomcatWebServer - Tomcat started on port(s): 8080 (http) with context path ''
[TraceId: ] 2024-11-17 16:57:45.844 [main] INFO  com.example.weblog.web.WeblogWebApplication - Started WeblogWebApplication in 1.304 seconds (JVM running for 1.984)
[TraceId: ] 2024-11-17 16:59:12.637 [main] INFO  com.example.weblog.web.WeblogWebApplication - Starting WeblogWebApplication using Java 1.8.0_202 on CY-20231213BTZT with PID 22516 (C:\Users\MyPC\IdeaProjects\weblog\weblog-springboot\weblog-web\target\classes started by MyPC in C:\Users\MyPC\IdeaProjects\weblog\weblog-springboot)
[TraceId: ] 2024-11-17 16:59:12.639 [main] INFO  com.example.weblog.web.WeblogWebApplication - The following profiles are active: prod
[TraceId: ] 2024-11-17 16:59:13.291 [main] INFO  o.s.boot.web.embedded.tomcat.TomcatWebServer - Tomcat initialized with port(s): 8080 (http)
[TraceId: ] 2024-11-17 16:59:13.297 [main] INFO  org.apache.catalina.core.StandardService - Starting service [Tomcat]
[TraceId: ] 2024-11-17 16:59:13.298 [main] INFO  org.apache.catalina.core.StandardEngine - Starting Servlet engine: [Apache Tomcat/9.0.56]
[TraceId: ] 2024-11-17 16:59:13.345 [main] INFO  o.a.c.core.ContainerBase.[Tomcat].[localhost].[/] - Initializing Spring embedded WebApplicationContext
[TraceId: ] 2024-11-17 16:59:13.345 [main] INFO  o.s.b.w.s.c.ServletWebServerApplicationContext - Root WebApplicationContext: initialization completed in 679 ms
[TraceId: ] 2024-11-17 16:59:13.616 [main] INFO  o.s.boot.web.embedded.tomcat.TomcatWebServer - Tomcat started on port(s): 8080 (http) with context path ''
[TraceId: ] 2024-11-17 16:59:13.623 [main] INFO  com.example.weblog.web.WeblogWebApplication - Started WeblogWebApplication in 1.359 seconds (JVM running for 2.02)
[TraceId: ] 2024-11-17 17:00:45.388 [main] INFO  com.example.weblog.web.WeblogWebApplication - Starting WeblogWebApplication using Java 1.8.0_202 on CY-20231213BTZT with PID 10028 (C:\Users\MyPC\IdeaProjects\weblog\weblog-springboot\weblog-web\target\classes started by MyPC in C:\Users\MyPC\IdeaProjects\weblog\weblog-springboot)
[TraceId: ] 2024-11-17 17:00:45.390 [main] INFO  com.example.weblog.web.WeblogWebApplication - The following profiles are active: prod
[TraceId: ] 2024-11-17 17:00:46.045 [main] INFO  o.s.boot.web.embedded.tomcat.TomcatWebServer - Tomcat initialized with port(s): 8080 (http)
[TraceId: ] 2024-11-17 17:00:46.051 [main] INFO  org.apache.catalina.core.StandardService - Starting service [Tomcat]
[TraceId: ] 2024-11-17 17:00:46.051 [main] INFO  org.apache.catalina.core.StandardEngine - Starting Servlet engine: [Apache Tomcat/9.0.56]
[TraceId: ] 2024-11-17 17:00:46.102 [main] INFO  o.a.c.core.ContainerBase.[Tomcat].[localhost].[/] - Initializing Spring embedded WebApplicationContext
[TraceId: ] 2024-11-17 17:00:46.102 [main] INFO  o.s.b.w.s.c.ServletWebServerApplicationContext - Root WebApplicationContext: initialization completed in 681 ms
[TraceId: ] 2024-11-17 17:00:46.371 [main] INFO  o.s.boot.web.embedded.tomcat.TomcatWebServer - Tomcat started on port(s): 8080 (http) with context path ''
[TraceId: ] 2024-11-17 17:00:46.378 [main] INFO  com.example.weblog.web.WeblogWebApplication - Started WeblogWebApplication in 1.364 seconds (JVM running for 2.034)
[TraceId: ] 2024-11-17 17:01:17.596 [http-nio-8080-exec-1] INFO  o.a.c.core.ContainerBase.[Tomcat].[localhost].[/] - Initializing Spring DispatcherServlet 'dispatcherServlet'
[TraceId: ] 2024-11-17 17:01:17.597 [http-nio-8080-exec-1] INFO  org.springframework.web.servlet.DispatcherServlet - Initializing Servlet 'dispatcherServlet'
[TraceId: ] 2024-11-17 17:01:17.597 [http-nio-8080-exec-1] INFO  org.springframework.web.servlet.DispatcherServlet - Completed initialization in 0 ms
[TraceId: 7c79db40-76f3-4da2-a76f-6aa2b24165c3] 2024-11-17 17:01:17.701 [http-nio-8080-exec-1] INFO  c.q.weblog.common.aspect.ApiOperationLogAspect - ====== 请求开始: [测试接口], 入参: {"username":"admin","sex":1}, 请求类: TestController, 请求方法: test =================================== 
[TraceId: 7c79db40-76f3-4da2-a76f-6aa2b24165c3] 2024-11-17 17:01:17.710 [http-nio-8080-exec-1] INFO  c.q.weblog.common.aspect.ApiOperationLogAspect - ====== 请求结束: [测试接口], 耗时: 18ms, 出参: {"username":"admin","sex":1} =================================== 
[TraceId: ] 2024-11-17 20:32:43.321 [main] INFO  com.quanxiaoha.weblog.web.WeblogWebApplication - Starting WeblogWebApplication using Java 1.8.0_202 on CY-20231213BTZT with PID 14976 (C:\Users\MyPC\IdeaProjects\weblog\weblog-springboot\weblog-web\target\classes started by MyPC in C:\Users\MyPC\IdeaProjects\weblog\weblog-springboot)
[TraceId: ] 2024-11-17 20:32:43.323 [main] INFO  com.quanxiaoha.weblog.web.WeblogWebApplication - The following profiles are active: prod
[TraceId: ] 2024-11-17 20:32:44.011 [main] INFO  o.s.boot.web.embedded.tomcat.TomcatWebServer - Tomcat initialized with port(s): 8080 (http)
[TraceId: ] 2024-11-17 20:32:44.017 [main] INFO  org.apache.catalina.core.StandardService - Starting service [Tomcat]
[TraceId: ] 2024-11-17 20:32:44.017 [main] INFO  org.apache.catalina.core.StandardEngine - Starting Servlet engine: [Apache Tomcat/9.0.56]
[TraceId: ] 2024-11-17 20:32:44.082 [main] INFO  o.a.c.core.ContainerBase.[Tomcat].[localhost].[/] - Initializing Spring embedded WebApplicationContext
[TraceId: ] 2024-11-17 20:32:44.082 [main] INFO  o.s.b.w.s.c.ServletWebServerApplicationContext - Root WebApplicationContext: initialization completed in 731 ms
[TraceId: ] 2024-11-17 20:32:44.381 [main] INFO  o.s.boot.web.embedded.tomcat.TomcatWebServer - Tomcat started on port(s): 8080 (http) with context path ''
[TraceId: ] 2024-11-17 20:32:44.387 [main] INFO  com.quanxiaoha.weblog.web.WeblogWebApplication - Started WeblogWebApplication in 1.397 seconds (JVM running for 2.014)
[TraceId: ] 2024-11-17 20:33:04.024 [http-nio-8080-exec-1] INFO  o.a.c.core.ContainerBase.[Tomcat].[localhost].[/] - Initializing Spring DispatcherServlet 'dispatcherServlet'
[TraceId: ] 2024-11-17 20:33:04.024 [http-nio-8080-exec-1] INFO  org.springframework.web.servlet.DispatcherServlet - Initializing Servlet 'dispatcherServlet'
[TraceId: ] 2024-11-17 20:33:04.024 [http-nio-8080-exec-1] INFO  org.springframework.web.servlet.DispatcherServlet - Completed initialization in 0 ms
[TraceId: b58303bf-bbaa-436d-b51e-7c684b50417e] 2024-11-17 20:33:04.161 [http-nio-8080-exec-1] INFO  c.q.weblog.common.aspect.ApiOperationLogAspect - ====== 请求开始: [测试接口], 入参: {"username":"犬小哈","sex":1,"age":32,"email":"123124@qq.com"}, org.springframework.validation.BeanPropertyBindingResult: 0 errors, 请求类: TestController, 请求方法: test =================================== 
[TraceId: b58303bf-bbaa-436d-b51e-7c684b50417e] 2024-11-17 20:33:04.178 [http-nio-8080-exec-1] INFO  c.q.weblog.common.aspect.ApiOperationLogAspect - ====== 请求结束: [测试接口], 耗时: 29ms, 出参: {"headers":{},"body":"参数没有任何问题","statusCode":"OK","statusCodeValue":200} =================================== 
[TraceId: 58a95115-d478-4c5a-b78a-8ac69461f683] 2024-11-17 20:33:15.148 [http-nio-8080-exec-3] INFO  c.q.weblog.common.aspect.ApiOperationLogAspect - ====== 请求开始: [测试接口], 入参: {"username":"","sex":null,"age":120,"email":"123124qq.com"}, org.springframework.validation.BeanPropertyBindingResult: 3 errors
Field error in object 'user' on field 'email': rejected value [123124qq.com]; codes [Email.user.email,Email.email,Email.java.lang.String,Email]; arguments [org.springframework.context.support.DefaultMessageSourceResolvable: codes [user.email,email]; arguments []; default message [email],[Ljavax.validation.constraints.Pattern$Flag;@3e3d5c13,.*]; default message [邮箱格式不正确]
Field error in object 'user' on field 'age': rejected value [120]; codes [Max.user.age,Max.age,Max.java.lang.Integer,Max]; arguments [org.springframework.context.support.DefaultMessageSourceResolvable: codes [user.age,age]; arguments []; default message [age],60]; default message [年龄必须小于或等于60]
Field error in object 'user' on field 'sex': rejected value [null]; codes [NotNull.user.sex,NotNull.sex,NotNull.java.lang.Integer,NotNull]; arguments [org.springframework.context.support.DefaultMessageSourceResolvable: codes [user.sex,sex]; arguments []; default message [sex]]; default message [性别不能为空], 请求类: TestController, 请求方法: test =================================== 
[TraceId: 58a95115-d478-4c5a-b78a-8ac69461f683] 2024-11-17 20:33:15.153 [http-nio-8080-exec-3] INFO  c.q.weblog.common.aspect.ApiOperationLogAspect - ====== 请求结束: [测试接口], 耗时: 5ms, 出参: {"headers":{},"body":"邮箱格式不正确, 年龄必须小于或等于60, 性别不能为空","statusCode":"BAD_REQUEST","statusCodeValue":400} =================================== 
[TraceId: dc8c037c-0cf0-42fe-82c5-4af3fa878bf4] 2024-11-17 21:15:17.366 [http-nio-8080-exec-5] INFO  c.q.weblog.common.aspect.ApiOperationLogAspect - ====== 请求开始: [测试接口], 入参: {"username":"","sex":null,"age":120,"email":"123124qq.com"}, org.springframework.validation.BeanPropertyBindingResult: 3 errors
Field error in object 'user' on field 'email': rejected value [123124qq.com]; codes [Email.user.email,Email.email,Email.java.lang.String,Email]; arguments [org.springframework.context.support.DefaultMessageSourceResolvable: codes [user.email,email]; arguments []; default message [email],[Ljavax.validation.constraints.Pattern$Flag;@3e3d5c13,.*]; default message [邮箱格式不正确]
Field error in object 'user' on field 'sex': rejected value [null]; codes [NotNull.user.sex,NotNull.sex,NotNull.java.lang.Integer,NotNull]; arguments [org.springframework.context.support.DefaultMessageSourceResolvable: codes [user.sex,sex]; arguments []; default message [sex]]; default message [性别不能为空]
Field error in object 'user' on field 'age': rejected value [120]; codes [Max.user.age,Max.age,Max.java.lang.Integer,Max]; arguments [org.springframework.context.support.DefaultMessageSourceResolvable: codes [user.age,age]; arguments []; default message [age],60]; default message [年龄必须小于或等于60], 请求类: TestController, 请求方法: test =================================== 
[TraceId: dc8c037c-0cf0-42fe-82c5-4af3fa878bf4] 2024-11-17 21:15:17.370 [http-nio-8080-exec-5] INFO  c.q.weblog.common.aspect.ApiOperationLogAspect - ====== 请求结束: [测试接口], 耗时: 5ms, 出参: {"headers":{},"body":"邮箱格式不正确, 性别不能为空, 年龄必须小于或等于60","statusCode":"BAD_REQUEST","statusCodeValue":400} =================================== 
[TraceId: ] 2024-11-17 21:15:32.207 [main] INFO  com.quanxiaoha.weblog.web.WeblogWebApplication - Starting WeblogWebApplication using Java 1.8.0_202 on CY-20231213BTZT with PID 12992 (C:\Users\MyPC\IdeaProjects\weblog\weblog-springboot\weblog-web\target\classes started by MyPC in C:\Users\MyPC\IdeaProjects\weblog\weblog-springboot)
[TraceId: ] 2024-11-17 21:15:32.209 [main] INFO  com.quanxiaoha.weblog.web.WeblogWebApplication - The following profiles are active: prod
[TraceId: ] 2024-11-17 21:15:32.831 [main] INFO  o.s.boot.web.embedded.tomcat.TomcatWebServer - Tomcat initialized with port(s): 8080 (http)
[TraceId: ] 2024-11-17 21:15:32.837 [main] INFO  org.apache.catalina.core.StandardService - Starting service [Tomcat]
[TraceId: ] 2024-11-17 21:15:32.837 [main] INFO  org.apache.catalina.core.StandardEngine - Starting Servlet engine: [Apache Tomcat/9.0.56]
[TraceId: ] 2024-11-17 21:15:32.889 [main] INFO  o.a.c.core.ContainerBase.[Tomcat].[localhost].[/] - Initializing Spring embedded WebApplicationContext
[TraceId: ] 2024-11-17 21:15:32.889 [main] INFO  o.s.b.w.s.c.ServletWebServerApplicationContext - Root WebApplicationContext: initialization completed in 654 ms
[TraceId: ] 2024-11-17 21:15:33.155 [main] INFO  o.s.boot.web.embedded.tomcat.TomcatWebServer - Tomcat started on port(s): 8080 (http) with context path ''
[TraceId: ] 2024-11-17 21:15:33.161 [main] INFO  com.quanxiaoha.weblog.web.WeblogWebApplication - Started WeblogWebApplication in 1.28 seconds (JVM running for 1.901)
[TraceId: ] 2024-11-17 21:15:39.365 [http-nio-8080-exec-2] INFO  o.a.c.core.ContainerBase.[Tomcat].[localhost].[/] - Initializing Spring DispatcherServlet 'dispatcherServlet'
[TraceId: ] 2024-11-17 21:15:39.365 [http-nio-8080-exec-2] INFO  org.springframework.web.servlet.DispatcherServlet - Initializing Servlet 'dispatcherServlet'
[TraceId: ] 2024-11-17 21:15:39.365 [http-nio-8080-exec-2] INFO  org.springframework.web.servlet.DispatcherServlet - Completed initialization in 0 ms
[TraceId: dd953548-5fb6-44b3-bb86-418372deb670] 2024-11-17 21:15:39.505 [http-nio-8080-exec-2] INFO  c.q.weblog.common.aspect.ApiOperationLogAspect - ====== 请求开始: [测试接口], 入参: {"username":"","sex":null,"age":120,"email":"123124qq.com"}, org.springframework.validation.BeanPropertyBindingResult: 3 errors
Field error in object 'user' on field 'email': rejected value [123124qq.com]; codes [Email.user.email,Email.email,Email.java.lang.String,Email]; arguments [org.springframework.context.support.DefaultMessageSourceResolvable: codes [user.email,email]; arguments []; default message [email],[Ljavax.validation.constraints.Pattern$Flag;@227194cf,.*]; default message [邮箱格式不正确]
Field error in object 'user' on field 'age': rejected value [120]; codes [Max.user.age,Max.age,Max.java.lang.Integer,Max]; arguments [org.springframework.context.support.DefaultMessageSourceResolvable: codes [user.age,age]; arguments []; default message [age],60]; default message [年龄必须小于或等于60]
Field error in object 'user' on field 'sex': rejected value [null]; codes [NotNull.user.sex,NotNull.sex,NotNull.java.lang.Integer,NotNull]; arguments [org.springframework.context.support.DefaultMessageSourceResolvable: codes [user.sex,sex]; arguments []; default message [sex]]; default message [性别不能为空], 请求类: TestController, 请求方法: test =================================== 
[TraceId: dd953548-5fb6-44b3-bb86-418372deb670] 2024-11-17 21:15:39.514 [http-nio-8080-exec-2] INFO  c.q.weblog.common.aspect.ApiOperationLogAspect - ====== 请求结束: [测试接口], 耗时: 30ms, 出参: {"success":false,"message":"邮箱格式不正确, 年龄必须小于或等于60, 性别不能为空","errorCode":null,"data":null} =================================== 
[TraceId: 748f3db1-daaf-4c0a-84f5-b68a3b5ea365] 2024-11-17 21:16:17.719 [http-nio-8080-exec-3] INFO  c.q.weblog.common.aspect.ApiOperationLogAspect - ====== 请求开始: [测试接口], 入参: {"username":"gyl","sex":null,"age":20,"email":"123124@qq.com"}, org.springframework.validation.BeanPropertyBindingResult: 1 errors
Field error in object 'user' on field 'sex': rejected value [null]; codes [NotNull.user.sex,NotNull.sex,NotNull.java.lang.Integer,NotNull]; arguments [org.springframework.context.support.DefaultMessageSourceResolvable: codes [user.sex,sex]; arguments []; default message [sex]]; default message [性别不能为空], 请求类: TestController, 请求方法: test =================================== 
[TraceId: 748f3db1-daaf-4c0a-84f5-b68a3b5ea365] 2024-11-17 21:16:17.721 [http-nio-8080-exec-3] INFO  c.q.weblog.common.aspect.ApiOperationLogAspect - ====== 请求结束: [测试接口], 耗时: 5ms, 出参: {"success":false,"message":"性别不能为空","errorCode":null,"data":null} =================================== 
[TraceId: ] 2024-11-17 21:16:26.713 [http-nio-8080-exec-4] WARN  o.s.w.s.m.support.DefaultHandlerExceptionResolver - Resolved [org.springframework.http.converter.HttpMessageNotReadableException: JSON parse error: Unrecognized token 'boy': was expecting (JSON String, Number, Array, Object or token 'null', 'true' or 'false'); nested exception is com.fasterxml.jackson.core.JsonParseException: Unrecognized token 'boy': was expecting (JSON String, Number, Array, Object or token 'null', 'true' or 'false')<EOL> at [Source: (PushbackInputStream); line: 3, column: 16]]
[TraceId: b845545d-5827-46f1-bf4f-f4ff73314f73] 2024-11-17 21:16:55.585 [http-nio-8080-exec-6] INFO  c.q.weblog.common.aspect.ApiOperationLogAspect - ====== 请求开始: [测试接口], 入参: {"username":"gyl","sex":1,"age":20,"email":"123124@qq.com"}, org.springframework.validation.BeanPropertyBindingResult: 0 errors, 请求类: TestController, 请求方法: test =================================== 
[TraceId: b845545d-5827-46f1-bf4f-f4ff73314f73] 2024-11-17 21:16:55.587 [http-nio-8080-exec-6] INFO  c.q.weblog.common.aspect.ApiOperationLogAspect - ====== 请求结束: [测试接口], 耗时: 5ms, 出参: {"success":true,"message":null,"errorCode":null,"data":null} =================================== 
[TraceId: ] 2024-11-17 21:18:10.334 [main] INFO  com.quanxiaoha.weblog.web.WeblogWebApplication - Starting WeblogWebApplication using Java 1.8.0_202 on CY-20231213BTZT with PID 12540 (C:\Users\MyPC\IdeaProjects\weblog\weblog-springboot\weblog-web\target\classes started by MyPC in C:\Users\MyPC\IdeaProjects\weblog\weblog-springboot)
[TraceId: ] 2024-11-17 21:18:10.336 [main] INFO  com.quanxiaoha.weblog.web.WeblogWebApplication - The following profiles are active: prod
[TraceId: ] 2024-11-17 21:18:10.998 [main] INFO  o.s.boot.web.embedded.tomcat.TomcatWebServer - Tomcat initialized with port(s): 8080 (http)
[TraceId: ] 2024-11-17 21:18:11.005 [main] INFO  org.apache.catalina.core.StandardService - Starting service [Tomcat]
[TraceId: ] 2024-11-17 21:18:11.006 [main] INFO  org.apache.catalina.core.StandardEngine - Starting Servlet engine: [Apache Tomcat/9.0.56]
[TraceId: ] 2024-11-17 21:18:11.061 [main] INFO  o.a.c.core.ContainerBase.[Tomcat].[localhost].[/] - Initializing Spring embedded WebApplicationContext
[TraceId: ] 2024-11-17 21:18:11.061 [main] INFO  o.s.b.w.s.c.ServletWebServerApplicationContext - Root WebApplicationContext: initialization completed in 698 ms
[TraceId: ] 2024-11-17 21:18:11.359 [main] INFO  o.s.boot.web.embedded.tomcat.TomcatWebServer - Tomcat started on port(s): 8080 (http) with context path ''
[TraceId: ] 2024-11-17 21:18:11.365 [main] INFO  com.quanxiaoha.weblog.web.WeblogWebApplication - Started WeblogWebApplication in 1.392 seconds (JVM running for 2.022)
[TraceId: ] 2024-11-17 21:18:14.508 [http-nio-8080-exec-1] INFO  o.a.c.core.ContainerBase.[Tomcat].[localhost].[/] - Initializing Spring DispatcherServlet 'dispatcherServlet'
[TraceId: ] 2024-11-17 21:18:14.508 [http-nio-8080-exec-1] INFO  org.springframework.web.servlet.DispatcherServlet - Initializing Servlet 'dispatcherServlet'
[TraceId: ] 2024-11-17 21:18:14.509 [http-nio-8080-exec-1] INFO  org.springframework.web.servlet.DispatcherServlet - Completed initialization in 1 ms
[TraceId: 4e1f41ce-3263-4b05-9c81-f4c67014ddfd] 2024-11-17 21:18:14.667 [http-nio-8080-exec-1] INFO  c.q.weblog.common.aspect.ApiOperationLogAspect - ====== 请求开始: [测试接口], 入参: {"username":"gyl","sex":1,"age":20,"email":"123124@qq.com"}, org.springframework.validation.BeanPropertyBindingResult: 0 errors, 请求类: TestController, 请求方法: test =================================== 
[TraceId: 4e1f41ce-3263-4b05-9c81-f4c67014ddfd] 2024-11-17 21:18:14.677 [http-nio-8080-exec-1] INFO  c.q.weblog.common.aspect.ApiOperationLogAspect - ====== 请求结束: [测试接口], 耗时: 34ms, 出参: {"success":true,"message":null,"errorCode":null,"data":null} =================================== 
